<?xml version="1.0" encoding="UTF-8"?>
<testng-results skipped="0" failed="1" ignored="0" total="5" passed="4">
  <reporter-output>
  </reporter-output>
  <suite name="Etsy" duration-ms="270451" started-at="2021-08-31T21:00:50 CEST" finished-at="2021-08-31T21:05:21 CEST">
    <groups>
    </groups>
    <test name="Test" duration-ms="270451" started-at="2021-08-31T21:00:50 CEST" finished-at="2021-08-31T21:05:21 CEST">
      <class name="tests.MainTest">
        <test-method status="PASS" signature="setup()[pri:0, instance:tests.MainTest@1877ab81]" name="setup" is-config="true" duration-ms="3698" started-at="2021-08-31T21:00:50 CEST" finished-at="2021-08-31T21:00:54 CEST">
          <reporter-output>
          </reporter-output>
        </test-method> <!-- setup -->
        <test-method status="PASS" signature="registerAnAccount()[pri:0, instance:tests.MainTest@1877ab81]" name="registerAnAccount" duration-ms="7653" started-at="2021-08-31T21:00:54 CEST" finished-at="2021-08-31T21:01:02 CEST">
          <reporter-output>
          </reporter-output>
        </test-method> <!-- registerAnAccount -->
        <test-method status="PASS" signature="cleanup(org.testng.ITestResult)[pri:0, instance:tests.MainTest@1877ab81]" name="cleanup" is-config="true" duration-ms="3675" started-at="2021-08-31T21:01:02 CEST" finished-at="2021-08-31T21:01:05 CEST">
          <params>
            <param index="0">
              <value>
                <![CDATA[[TestResult name=registerAnAccount status=SUCCESS method=MainTest.registerAnAccount()[pri:0, instance:tests.MainTest@1877ab81] output={null}]]]>
              </value>
            </param>
          </params>
          <reporter-output>
          </reporter-output>
        </test-method> <!-- cleanup -->
        <test-method status="PASS" signature="setup()[pri:0, instance:tests.MainTest@1877ab81]" name="setup" is-config="true" duration-ms="2011" started-at="2021-08-31T21:01:05 CEST" finished-at="2021-08-31T21:01:07 CEST">
          <reporter-output>
          </reporter-output>
        </test-method> <!-- setup -->
        <test-method status="PASS" signature="LogIn()[pri:1, instance:tests.MainTest@1877ab81]" name="LogIn" duration-ms="6507" started-at="2021-08-31T21:01:07 CEST" finished-at="2021-08-31T21:01:14 CEST">
          <reporter-output>
          </reporter-output>
        </test-method> <!-- LogIn -->
        <test-method status="PASS" signature="cleanup(org.testng.ITestResult)[pri:0, instance:tests.MainTest@1877ab81]" name="cleanup" is-config="true" duration-ms="3657" started-at="2021-08-31T21:01:14 CEST" finished-at="2021-08-31T21:01:18 CEST">
          <params>
            <param index="0">
              <value>
                <![CDATA[[TestResult name=LogIn status=SUCCESS method=MainTest.LogIn()[pri:1, instance:tests.MainTest@1877ab81] output={null}]]]>
              </value>
            </param>
          </params>
          <reporter-output>
          </reporter-output>
        </test-method> <!-- cleanup -->
        <test-method status="PASS" signature="setup()[pri:0, instance:tests.MainTest@1877ab81]" name="setup" is-config="true" duration-ms="3378" started-at="2021-08-31T21:01:18 CEST" finished-at="2021-08-31T21:01:21 CEST">
          <reporter-output>
          </reporter-output>
        </test-method> <!-- setup -->
        <test-method status="PASS" signature="filterItems()[pri:2, instance:tests.MainTest@1877ab81]" name="filterItems" duration-ms="6595" started-at="2021-08-31T21:01:21 CEST" finished-at="2021-08-31T21:01:27 CEST">
          <reporter-output>
          </reporter-output>
        </test-method> <!-- filterItems -->
        <test-method status="PASS" signature="cleanup(org.testng.ITestResult)[pri:0, instance:tests.MainTest@1877ab81]" name="cleanup" is-config="true" duration-ms="3654" started-at="2021-08-31T21:01:27 CEST" finished-at="2021-08-31T21:01:31 CEST">
          <params>
            <param index="0">
              <value>
                <![CDATA[[TestResult name=filterItems status=SUCCESS method=MainTest.filterItems()[pri:2, instance:tests.MainTest@1877ab81] output={null}]]]>
              </value>
            </param>
          </params>
          <reporter-output>
          </reporter-output>
        </test-method> <!-- cleanup -->
        <test-method status="PASS" signature="setup()[pri:0, instance:tests.MainTest@1877ab81]" name="setup" is-config="true" duration-ms="2190" started-at="2021-08-31T21:01:31 CEST" finished-at="2021-08-31T21:01:33 CEST">
          <reporter-output>
          </reporter-output>
        </test-method> <!-- setup -->
        <test-method status="PASS" signature="addToCart()[pri:3, instance:tests.MainTest@1877ab81]" name="addToCart" duration-ms="155096" started-at="2021-08-31T21:01:33 CEST" finished-at="2021-08-31T21:04:08 CEST">
          <reporter-output>
          </reporter-output>
        </test-method> <!-- addToCart -->
        <test-method status="PASS" signature="cleanup(org.testng.ITestResult)[pri:0, instance:tests.MainTest@1877ab81]" name="cleanup" is-config="true" duration-ms="3696" started-at="2021-08-31T21:04:08 CEST" finished-at="2021-08-31T21:04:12 CEST">
          <params>
            <param index="0">
              <value>
                <![CDATA[[TestResult name=addToCart status=SUCCESS method=MainTest.addToCart()[pri:3, instance:tests.MainTest@1877ab81] output={null}]]]>
              </value>
            </param>
          </params>
          <reporter-output>
          </reporter-output>
        </test-method> <!-- cleanup -->
        <test-method status="PASS" signature="setup()[pri:0, instance:tests.MainTest@1877ab81]" name="setup" is-config="true" duration-ms="3214" started-at="2021-08-31T21:04:12 CEST" finished-at="2021-08-31T21:04:15 CEST">
          <reporter-output>
          </reporter-output>
        </test-method> <!-- setup -->
        <test-method status="FAIL" signature="addToFavorites()[pri:4, instance:tests.MainTest@1877ab81]" name="addToFavorites" duration-ms="61189" started-at="2021-08-31T21:04:15 CEST" finished-at="2021-08-31T21:05:17 CEST">
          <exception class="org.openqa.selenium.StaleElementReferenceException">
            <message>
              <![CDATA[stale element reference: element is not attached to the page document
  (Session info: chrome=92.0.4515.159)
For documentation on this error, please visit: https://www.seleniumhq.org/exceptions/stale_element_reference.html
Build info: version: '3.141.59', revision: 'e82be7d358', time: '2018-11-14T08:25:48'
System info: host: 'ILIJA', ip: '192.168.0.20', os.name: 'Windows 10', os.arch: 'amd64', os.version: '10.0', java.version: '1.8.0_301'
Driver info: org.openqa.selenium.chrome.ChromeDriver
Capabilities {acceptInsecureCerts: false, browserName: chrome, browserVersion: 92.0.4515.159, chrome: {chromedriverVersion: 91.0.4472.19 (1bf021f248676..., userDataDir: C:\Users\Ilija\AppData\Loca...}, goog:chromeOptions: {debuggerAddress: localhost:64152}, javascriptEnabled: true, networkConnectionEnabled: false, pageLoadStrategy: normal, platform: WINDOWS, platformName: WINDOWS, proxy: Proxy(), setWindowRect: true, strictFileInteractability: false, timeouts: {implicit: 0, pageLoad: 300000, script: 30000}, unhandledPromptBehavior: dismiss and notify, webauthn:extension:largeBlob: true, webauthn:virtualAuthenticators: true}
Session ID: d511c7f7179fb61e57d52a4d34ada1b0]]>
            </message>
            <full-stacktrace>
              <![CDATA[org.openqa.selenium.StaleElementReferenceException: stale element reference: element is not attached to the page document
  (Session info: chrome=92.0.4515.159)
For documentation on this error, please visit: https://www.seleniumhq.org/exceptions/stale_element_reference.html
Build info: version: '3.141.59', revision: 'e82be7d358', time: '2018-11-14T08:25:48'
System info: host: 'ILIJA', ip: '192.168.0.20', os.name: 'Windows 10', os.arch: 'amd64', os.version: '10.0', java.version: '1.8.0_301'
Driver info: org.openqa.selenium.chrome.ChromeDriver
Capabilities {acceptInsecureCerts: false, browserName: chrome, browserVersion: 92.0.4515.159, chrome: {chromedriverVersion: 91.0.4472.19 (1bf021f248676..., userDataDir: C:\Users\Ilija\AppData\Loca...}, goog:chromeOptions: {debuggerAddress: localhost:64152}, javascriptEnabled: true, networkConnectionEnabled: false, pageLoadStrategy: normal, platform: WINDOWS, platformName: WINDOWS, proxy: Proxy(), setWindowRect: true, strictFileInteractability: false, timeouts: {implicit: 0, pageLoad: 300000, script: 30000}, unhandledPromptBehavior: dismiss and notify, webauthn:extension:largeBlob: true, webauthn:virtualAuthenticators: true}
Session ID: d511c7f7179fb61e57d52a4d34ada1b0
at sun.reflect.NativeConstructorAccessorImpl.newInstance0(Native Method)
at sun.reflect.NativeConstructorAccessorImpl.newInstance(Unknown Source)
at sun.reflect.DelegatingConstructorAccessorImpl.newInstance(Unknown Source)
at java.lang.reflect.Constructor.newInstance(Unknown Source)
at org.openqa.selenium.remote.http.W3CHttpResponseCodec.createException(W3CHttpResponseCodec.java:187)
at org.openqa.selenium.remote.http.W3CHttpResponseCodec.decode(W3CHttpResponseCodec.java:122)
at org.openqa.selenium.remote.http.W3CHttpResponseCodec.decode(W3CHttpResponseCodec.java:49)
at org.openqa.selenium.remote.HttpCommandExecutor.execute(HttpCommandExecutor.java:158)
at org.openqa.selenium.remote.service.DriverCommandExecutor.execute(DriverCommandExecutor.java:83)
at org.openqa.selenium.remote.RemoteWebDriver.execute(RemoteWebDriver.java:552)
at org.openqa.selenium.remote.RemoteWebElement.execute(RemoteWebElement.java:285)
at org.openqa.selenium.remote.RemoteWebElement.click(RemoteWebElement.java:84)
at pages.SearchPage.selectItems(SearchPage.java:103)
at tests.MainTest.addToFavorites(MainTest.java:275)
at sun.reflect.NativeMethodAccessorImpl.invoke0(Native Method)
at sun.reflect.NativeMethodAccessorImpl.invoke(Unknown Source)
at sun.reflect.DelegatingMethodAccessorImpl.invoke(Unknown Source)
at java.lang.reflect.Method.invoke(Unknown Source)
at org.testng.internal.MethodInvocationHelper.invokeMethod(MethodInvocationHelper.java:133)
at org.testng.internal.TestInvoker.invokeMethod(TestInvoker.java:598)
at org.testng.internal.TestInvoker.invokeTestMethod(TestInvoker.java:173)
at org.testng.internal.MethodRunner.runInSequence(MethodRunner.java:46)
at org.testng.internal.TestInvoker$MethodInvocationAgent.invoke(TestInvoker.java:824)
at org.testng.internal.TestInvoker.invokeTestMethods(TestInvoker.java:146)
at org.testng.internal.TestMethodWorker.invokeTestMethods(TestMethodWorker.java:146)
at org.testng.internal.TestMethodWorker.run(TestMethodWorker.java:128)
at java.util.ArrayList.forEach(Unknown Source)
at org.testng.TestRunner.privateRun(TestRunner.java:794)
at org.testng.TestRunner.run(TestRunner.java:596)
at org.testng.SuiteRunner.runTest(SuiteRunner.java:377)
at org.testng.SuiteRunner.runSequentially(SuiteRunner.java:371)
at org.testng.SuiteRunner.privateRun(SuiteRunner.java:332)
at org.testng.SuiteRunner.run(SuiteRunner.java:276)
at org.testng.SuiteRunnerWorker.runSuite(SuiteRunnerWorker.java:53)
at org.testng.SuiteRunnerWorker.run(SuiteRunnerWorker.java:96)
at org.testng.TestNG.runSuitesSequentially(TestNG.java:1212)
at org.testng.TestNG.runSuitesLocally(TestNG.java:1134)
at org.testng.TestNG.runSuites(TestNG.java:1063)
at org.testng.TestNG.run(TestNG.java:1031)
at org.testng.remote.AbstractRemoteTestNG.run(AbstractRemoteTestNG.java:115)
at org.testng.remote.RemoteTestNG.initAndRun(RemoteTestNG.java:251)
at org.testng.remote.RemoteTestNG.main(RemoteTestNG.java:77)
]]>
            </full-stacktrace>
          </exception> <!-- org.openqa.selenium.StaleElementReferenceException -->
          <reporter-output>
          </reporter-output>
        </test-method> <!-- addToFavorites -->
        <test-method status="PASS" signature="cleanup(org.testng.ITestResult)[pri:0, instance:tests.MainTest@1877ab81]" name="cleanup" is-config="true" duration-ms="4197" started-at="2021-08-31T21:05:17 CEST" finished-at="2021-08-31T21:05:21 CEST">
          <params>
            <param index="0">
              <value>
                <![CDATA[[TestResult name=addToFavorites status=FAILURE method=MainTest.addToFavorites()[pri:4, instance:tests.MainTest@1877ab81] output={null}]]]>
              </value>
            </param>
          </params>
          <reporter-output>
          </reporter-output>
        </test-method> <!-- cleanup -->
      </class> <!-- tests.MainTest -->
    </test> <!-- Test -->
  </suite> <!-- Etsy -->
</testng-results>
